c:\users\administrator\desktop\gracoursework-development\g53gra.framework.msvs\debug\vc140.pdb
c:\users\administrator\desktop\gracoursework-development\g53gra.framework.msvs\debug\vc140.idb
c:\users\administrator\desktop\gracoursework-development\g53gra.framework.msvs\debug\room.obj
c:\users\administrator\desktop\gracoursework-development\g53gra.framework.msvs\debug\spotlight.obj
c:\users\administrator\desktop\gracoursework-development\g53gra.framework.msvs\debug\teapot.obj
c:\users\administrator\desktop\gracoursework-development\g53gra.framework.msvs\debug\link.obj
c:\users\administrator\desktop\gracoursework-development\g53gra.framework.msvs\debug\sunlight.obj
c:\users\administrator\desktop\gracoursework-development\g53gra.framework.msvs\debug\texturedcube.obj
c:\users\administrator\desktop\gracoursework-development\g53gra.framework.msvs\debug\water.obj
c:\users\administrator\desktop\gracoursework-development\g53gra.framework.msvs\debug\myscene.obj
c:\users\administrator\desktop\gracoursework-development\g53gra.framework.msvs\debug\planet.obj
c:\users\administrator\desktop\gracoursework-development\g53gra.framework.msvs\debug\planet2.obj
c:\users\administrator\desktop\gracoursework-development\g53gra.framework.msvs\debug\triangle.obj
c:\users\administrator\desktop\gracoursework-development\g53gra.framework.msvs\debug\triforce.obj
c:\users\administrator\desktop\gracoursework-development\g53gra.framework.msvs\debug\floor.obj
c:\users\administrator\desktop\gracoursework-development\g53gra.framework.msvs\debug\engine.obj
c:\users\administrator\desktop\gracoursework-development\g53gra.framework.msvs\debug\main.obj
c:\users\administrator\desktop\gracoursework-development\g53gra.framework.msvs\debug\scene.obj
c:\users\administrator\desktop\gracoursework-development\g53gra.framework.msvs\debug\camera.obj
c:\users\administrator\desktop\gracoursework-development\g53gra.framework.msvs\debug\texture.obj
c:\users\administrator\desktop\gracoursework-development\g53gra.framework.msvs\debug\lamp.obj
c:\users\administrator\desktop\gracoursework-development\g53gra.framework.msvs\debug\mystage.obj
c:\users\administrator\desktop\gracoursework-development\g53gra.framework.msvs\debug\light.obj
c:\users\administrator\desktop\gracoursework-development\g53gra.framework.msvs\debug\multilight.obj
c:\users\administrator\desktop\gracoursework-development\g53gra.framework.msvs\debug\g53gra.framework.msvs.ilk
c:\users\administrator\desktop\gracoursework-development\g53gra.framework.msvs\debug\g53gra.framework.msvs.exe
c:\users\administrator\desktop\gracoursework-development\g53gra.framework.msvs\debug\g53gra.framework.msvs.pdb
c:\users\administrator\desktop\gracoursework-development\g53gra.framework.msvs\debug\g53gra.f.54a3cc1c.tlog\cl.command.1.tlog
c:\users\administrator\desktop\gracoursework-development\g53gra.framework.msvs\debug\g53gra.f.54a3cc1c.tlog\cl.read.1.tlog
c:\users\administrator\desktop\gracoursework-development\g53gra.framework.msvs\debug\g53gra.f.54a3cc1c.tlog\cl.write.1.tlog
c:\users\administrator\desktop\gracoursework-development\g53gra.framework.msvs\debug\g53gra.f.54a3cc1c.tlog\link.command.1.tlog
c:\users\administrator\desktop\gracoursework-development\g53gra.framework.msvs\debug\g53gra.f.54a3cc1c.tlog\link.read.1.tlog
c:\users\administrator\desktop\gracoursework-development\g53gra.framework.msvs\debug\g53gra.f.54a3cc1c.tlog\link.write.1.tlog
